<?xml version="1.0" encoding="UTF-8"?>
<testng-results skipped="0" failed="0" ignored="6" total="7" passed="1">
  <reporter-output>
  </reporter-output>
  <suite name="Automation test" duration-ms="46" started-at="2017-09-17T18:14:48Z" finished-at="2017-09-17T18:14:48Z">
    <groups>
      <group name="Priority1">
        <method signature="Annotations.prior1()[pri:0, instance:testngfiles.Annotations@14bf9759]" name="prior1" class="testngfiles.Annotations"/>
      </group> <!-- Priority1 -->
    </groups>
    <test name="Smoke Test" duration-ms="46" started-at="2017-09-17T18:14:48Z" finished-at="2017-09-17T18:14:48Z">
      <class name="testngfiles.Annotations">
        <test-method status="PASS" signature="prior1()[pri:0, instance:testngfiles.Annotations@14bf9759]" name="prior1" duration-ms="15" started-at="2017-09-17T14:14:48Z" finished-at="2017-09-17T14:14:48Z">
          <reporter-output>
          </reporter-output>
        </test-method> <!-- prior1 -->
      </class> <!-- testngfiles.Annotations -->
    </test> <!-- Smoke Test -->
  </suite> <!-- Automation test -->
</testng-results>
