<?xml version="1.0" encoding="UTF-8"?>
<!-- Generated by org.testng.reporters.JUnitXMLReporter -->
<testsuite hostname="USLMAGVIJAYARA1" ignored="1" name="Default test" tests="4" failures="0" timestamp="17 Sep 2017 05:22:29 GMT" time="0.07" errors="0">
  <testcase name="Openbrowser" time="0.004" classname="testngfiles.Annotations"/>
  <testcase name="prior2" time="0.004" classname="testngfiles.Annotations"/>
  <testcase name="prior1" time="0.002" classname="testngfiles.Annotations"/>
  <testcase name="Closebrowser" time="0.003" classname="testngfiles.Annotations"/>
  <testcase name="skip" time="0.0" classname="testngfiles.Annotations">
    <ignored/>
  </testcase> <!-- skip -->
</testsuite> <!-- Default test -->
