<?xml version="1.0" encoding="UTF-8"?>
<testng-results skipped="0" failed="0" ignored="1" total="5" passed="4">
  <reporter-output>
  </reporter-output>
  <suite name="Default suite" duration-ms="68" started-at="2017-09-20T17:00:52Z" finished-at="2017-09-20T17:00:52Z">
    <groups>
      <group name="Priority1">
        <method signature="Annotations.prior1()[pri:0, instance:testngfiles.Annotations@523884b2]" name="prior1" class="testngfiles.Annotations"/>
      </group> <!-- Priority1 -->
      <group name="Priority2">
        <method signature="Annotations.prior2()[pri:0, instance:testngfiles.Annotations@523884b2]" name="prior2" class="testngfiles.Annotations"/>
      </group> <!-- Priority2 -->
    </groups>
    <test name="Default test" duration-ms="68" started-at="2017-09-20T17:00:52Z" finished-at="2017-09-20T17:00:52Z">
      <class name="testngfiles.Annotations">
        <test-method status="PASS" signature="Beforetest()[pri:0, instance:testngfiles.Annotations@523884b2]" name="Beforetest" is-config="true" duration-ms="15" started-at="2017-09-20T13:00:52Z" finished-at="2017-09-20T13:00:52Z">
          <reporter-output>
          </reporter-output>
        </test-method> <!-- Beforetest -->
        <test-method status="PASS" signature="Openbrowser()[pri:0, instance:testngfiles.Annotations@523884b2]" name="Openbrowser" duration-ms="12" started-at="2017-09-20T13:00:52Z" finished-at="2017-09-20T13:00:52Z">
          <reporter-output>
          </reporter-output>
        </test-method> <!-- Openbrowser -->
        <test-method status="PASS" signature="Beforemethod()[pri:0, instance:testngfiles.Annotations@523884b2]" name="Beforemethod" is-config="true" duration-ms="0" started-at="2017-09-20T13:00:52Z" finished-at="2017-09-20T13:00:52Z">
          <reporter-output>
          </reporter-output>
        </test-method> <!-- Beforemethod -->
        <test-method status="PASS" signature="prior2()[pri:0, instance:testngfiles.Annotations@523884b2]" name="prior2" duration-ms="4" started-at="2017-09-20T13:00:52Z" finished-at="2017-09-20T13:00:52Z">
          <reporter-output>
          </reporter-output>
        </test-method> <!-- prior2 -->
        <test-method status="PASS" signature="Aftermethod()[pri:0, instance:testngfiles.Annotations@523884b2]" name="Aftermethod" is-config="true" duration-ms="0" started-at="2017-09-20T13:00:52Z" finished-at="2017-09-20T13:00:52Z">
          <reporter-output>
          </reporter-output>
        </test-method> <!-- Aftermethod -->
        <test-method status="PASS" signature="Beforemethod()[pri:0, instance:testngfiles.Annotations@523884b2]" name="Beforemethod" is-config="true" duration-ms="0" started-at="2017-09-20T13:00:52Z" finished-at="2017-09-20T13:00:52Z">
          <reporter-output>
          </reporter-output>
        </test-method> <!-- Beforemethod -->
        <test-method status="PASS" signature="prior1()[pri:0, instance:testngfiles.Annotations@523884b2]" name="prior1" duration-ms="4" started-at="2017-09-20T13:00:52Z" finished-at="2017-09-20T13:00:52Z">
          <reporter-output>
          </reporter-output>
        </test-method> <!-- prior1 -->
        <test-method status="PASS" signature="Beforemethod()[pri:0, instance:testngfiles.Annotations@523884b2]" name="Beforemethod" is-config="true" duration-ms="0" started-at="2017-09-20T13:00:52Z" finished-at="2017-09-20T13:00:52Z">
          <reporter-output>
          </reporter-output>
        </test-method> <!-- Beforemethod -->
        <test-method status="PASS" signature="Aftermethod()[pri:0, instance:testngfiles.Annotations@523884b2]" name="Aftermethod" is-config="true" duration-ms="0" started-at="2017-09-20T13:00:52Z" finished-at="2017-09-20T13:00:52Z">
          <reporter-output>
          </reporter-output>
        </test-method> <!-- Aftermethod -->
        <test-method status="PASS" signature="Aftermethod()[pri:0, instance:testngfiles.Annotations@523884b2]" name="Aftermethod" is-config="true" duration-ms="0" started-at="2017-09-20T13:00:52Z" finished-at="2017-09-20T13:00:52Z">
          <reporter-output>
          </reporter-output>
        </test-method> <!-- Aftermethod -->
        <test-method status="PASS" signature="Aftertest()[pri:0, instance:testngfiles.Annotations@523884b2]" name="Aftertest" is-config="true" duration-ms="0" started-at="2017-09-20T13:00:52Z" finished-at="2017-09-20T13:00:52Z">
          <reporter-output>
          </reporter-output>
        </test-method> <!-- Aftertest -->
        <test-method status="PASS" signature="Closebrowser()[pri:0, instance:testngfiles.Annotations@523884b2]" name="Closebrowser" duration-ms="0" started-at="2017-09-20T13:00:52Z" depends-on-methods="testngfiles.Annotations.Openbrowser" finished-at="2017-09-20T13:00:52Z">
          <reporter-output>
          </reporter-output>
        </test-method> <!-- Closebrowser -->
        <test-method status="PASS" signature="Beforemethod()[pri:0, instance:testngfiles.Annotations@523884b2]" name="Beforemethod" is-config="true" duration-ms="0" started-at="2017-09-20T13:00:52Z" finished-at="2017-09-20T13:00:52Z">
          <reporter-output>
          </reporter-output>
        </test-method> <!-- Beforemethod -->
        <test-method status="PASS" signature="Aftermethod()[pri:0, instance:testngfiles.Annotations@523884b2]" name="Aftermethod" is-config="true" duration-ms="0" started-at="2017-09-20T13:00:52Z" finished-at="2017-09-20T13:00:52Z">
          <reporter-output>
          </reporter-output>
        </test-method> <!-- Aftermethod -->
      </class> <!-- testngfiles.Annotations -->
    </test> <!-- Default test -->
  </suite> <!-- Default suite -->
</testng-results>
