<?xml version="1.0" encoding="UTF-8"?>
<testsuite name="Test"
           tests="3"
           failures="1"
           errors="0"
           skipped="2"
           time="0.000">
  <properties />
            <testcase name="setUp" time="0.000" classname="com.tcoe.tests.AddNewContractor">
                <failure type="java.lang.NoSuchMethodError"
                  message="org.openqa.selenium.os.CommandLine.findExecutable(Ljava/lang/String;)Ljava/lang/String;"
              >
<![CDATA[java.lang.NoSuchMethodError: org.openqa.selenium.os.CommandLine.findExecutable(Ljava/lang/String;)Ljava/lang/String;
  org.openqa.selenium.chrome.ChromeDriverService.createDefaultService(ChromeDriverService.java:84)
  org.openqa.selenium.chrome.ChromeDriver.<init>(ChromeDriver.java:87)
  automationFramework.SelectBrowser.WebBrowser(Unknown Source)
  com.tcoe.tests.AddNewContractor.setUp(Unknown Source)
  sun.reflect.NativeMethodAccessorImpl.invoke0(Native Method)
  sun.reflect.NativeMethodAccessorImpl.invoke(NativeMethodAccessorImpl.java:62)
  sun.reflect.DelegatingMethodAccessorImpl.invoke(DelegatingMethodAccessorImpl.java:43)
  java.lang.reflect.Method.invoke(Method.java:483)
  org.testng.internal.MethodInvocationHelper.invokeMethod(MethodInvocationHelper.java:84)
  org.testng.internal.Invoker.invokeConfigurationMethod(Invoker.java:564)
  org.testng.internal.Invoker.invokeConfigurations(Invoker.java:213)
  org.testng.internal.Invoker.invokeMethod(Invoker.java:653)
  org.testng.internal.Invoker.invokeTestMethod(Invoker.java:901)
  org.testng.internal.Invoker.invokeTestMethods(Invoker.java:1231)
  org.testng.internal.TestMethodWorker.invokeTestMethods(TestMethodWorker.java:127)
  org.testng.internal.TestMethodWorker.run(TestMethodWorker.java:111)
  org.testng.TestRunner.privateRun(TestRunner.java:767)
  org.testng.TestRunner.run(TestRunner.java:617)
  org.testng.SuiteRunner.runTest(SuiteRunner.java:334)
  org.testng.SuiteRunner.runSequentially(SuiteRunner.java:329)
  org.testng.SuiteRunner.privateRun(SuiteRunner.java:291)
  org.testng.SuiteRunner.run(SuiteRunner.java:240)
  org.testng.SuiteRunnerWorker.runSuite(SuiteRunnerWorker.java:52)
  org.testng.SuiteRunnerWorker.run(SuiteRunnerWorker.java:86)
  org.testng.TestNG.runSuitesSequentially(TestNG.java:1224)
  org.testng.TestNG.runSuitesLocally(TestNG.java:1149)
  org.testng.TestNG.run(TestNG.java:1057)
  org.testng.TestNG.privateMain(TestNG.java:1364)
  org.testng.TestNG.main(TestNG.java:1333)
]]>
      </failure>

          </testcase>
  
            <testcase name="tearDown" time="0.0" classname="com.tcoe.tests.AddNewContractor">
          <skipped />
    </testcase>
            <testcase name="NewContractor" time="0.0" classname="com.tcoe.tests.AddNewContractor">
          <skipped />
    </testcase>
  
  
</testsuite>
