<?xml version="1.0" encoding="UTF-8"?>
<!-- Generated by org.testng.reporters.JUnitXMLReporter -->
<testsuite hostname="USLMAGVIJAYARA1" ignored="6" name="Smoke Test" tests="1" failures="0" timestamp="17 Sep 2017 18:14:48 GMT" time="0.046" errors="0">
  <testcase name="prior1" time="0.015" classname="testngfiles.Annotations"/>
  <testcase name="fbtest" time="0.0" classname="Suite1.firstcodetng">
    <ignored/>
  </testcase> <!-- fbtest -->
  <testcase name="Closebrowser" time="0.0" classname="testngfiles.Annotations">
    <ignored/>
  </testcase> <!-- Closebrowser -->
  <testcase name="dataprov" time="0.0" classname="testngfiles.Annotation1">
    <ignored/>
  </testcase> <!-- dataprov -->
  <testcase name="skip" time="0.0" classname="testngfiles.Annotations">
    <ignored/>
  </testcase> <!-- skip -->
  <testcase name="Openbrowser" time="0.0" classname="testngfiles.Annotations">
    <ignored/>
  </testcase> <!-- Openbrowser -->
  <testcase name="prior2" time="0.0" classname="testngfiles.Annotations">
    <ignored/>
  </testcase> <!-- prior2 -->
</testsuite> <!-- Smoke Test -->
