<?xml version="1.0" encoding="UTF-8"?>
<testng-results skipped="0" failed="0" ignored="0" total="2" passed="2">
  <reporter-output>
  </reporter-output>
  <suite name="Default suite" duration-ms="50" started-at="2017-09-15T18:54:36Z" finished-at="2017-09-15T18:54:36Z">
    <groups>
    </groups>
    <test name="Default test" duration-ms="50" started-at="2017-09-15T18:54:36Z" finished-at="2017-09-15T18:54:36Z">
      <class name="testngapp">
        <test-method status="PASS" signature="Beforetest()[pri:0, instance:testngapp@28d25987]" name="Beforetest" is-config="true" duration-ms="10" started-at="2017-09-15T14:54:36Z" finished-at="2017-09-15T14:54:36Z">
          <reporter-output>
          </reporter-output>
        </test-method> <!-- Beforetest -->
        <test-method status="PASS" signature="Closebrowser()[pri:0, instance:testngapp@28d25987]" name="Closebrowser" duration-ms="6" started-at="2017-09-15T14:54:36Z" finished-at="2017-09-15T14:54:36Z">
          <reporter-output>
          </reporter-output>
        </test-method> <!-- Closebrowser -->
        <test-method status="PASS" signature="Openbrowser()[pri:0, instance:testngapp@28d25987]" name="Openbrowser" duration-ms="4" started-at="2017-09-15T14:54:36Z" finished-at="2017-09-15T14:54:36Z">
          <reporter-output>
          </reporter-output>
        </test-method> <!-- Openbrowser -->
        <test-method status="PASS" signature="Aftertest()[pri:0, instance:testngapp@28d25987]" name="Aftertest" is-config="true" duration-ms="1" started-at="2017-09-15T14:54:36Z" finished-at="2017-09-15T14:54:36Z">
          <reporter-output>
          </reporter-output>
        </test-method> <!-- Aftertest -->
      </class> <!-- testngapp -->
    </test> <!-- Default test -->
  </suite> <!-- Default suite -->
</testng-results>
