<?xml version="1.0" encoding="UTF-8"?>
<!-- Generated by org.testng.reporters.JUnitXMLReporter -->
<testsuite hostname="USLMAGVIJAYARA1" ignored="5" name="Smoke Test" tests="1" failures="0" timestamp="16 Sep 2017 18:16:30 GMT" time="0.032" errors="0">
  <testcase name="prior1" time="0.016" classname="testngfiles.Annotations"/>
  <testcase name="fbtest" time="0.0" classname="Suite1.firstcodetng">
    <ignored/>
  </testcase> <!-- fbtest -->
  <testcase name="Closebrowser" time="0.0" classname="testngfiles.Annotations">
    <ignored/>
  </testcase> <!-- Closebrowser -->
  <testcase name="skip" time="0.0" classname="testngfiles.Annotations">
    <ignored/>
  </testcase> <!-- skip -->
  <testcase name="Openbrowser" time="0.0" classname="testngfiles.Annotations">
    <ignored/>
  </testcase> <!-- Openbrowser -->
  <testcase name="prior2" time="0.0" classname="testngfiles.Annotations">
    <ignored/>
  </testcase> <!-- prior2 -->
</testsuite> <!-- Smoke Test -->
