<?xml version="1.0" encoding="UTF-8"?>
<!-- Generated by org.testng.reporters.JUnitXMLReporter -->
<testsuite hostname="USLMAGVIJAYARA1" ignored="1" name="Smoke Test" tests="8" failures="0" timestamp="19 Sep 2017 21:26:11 GMT" time="7.22" errors="0">
  <testcase name="fbtest" time="7.173" classname="Suite1.firstcodetng"/>
  <testcase name="dataprov" time="0.0" classname="testngfiles.Annotation1"/>
  <testcase name="dataprov" time="0.0" classname="testngfiles.Annotation1"/>
  <testcase name="dataprov" time="0.0" classname="testngfiles.Annotation1"/>
  <testcase name="Openbrowser" time="0.0" classname="testngfiles.Annotations"/>
  <testcase name="prior2" time="0.0" classname="testngfiles.Annotations"/>
  <testcase name="prior1" time="0.016" classname="testngfiles.Annotations"/>
  <testcase name="Closebrowser" time="0.0" classname="testngfiles.Annotations"/>
  <testcase name="skip" time="0.0" classname="testngfiles.Annotations">
    <ignored/>
  </testcase> <!-- skip -->
</testsuite> <!-- Smoke Test -->
